Copyright 1986-2019 Xilinx, Inc. All Rights Reserved.
------------------------------------------------------------------------------------
| Tool Version : Vivado v.2019.1 (lin64) Build 2552052 Fri May 24 14:47:09 MDT 2019
| Date         : Tue Jan 31 15:47:06 2023
| Host         : coding running 64-bit Ubuntu 20.04.5 LTS
| Command      : upgrade_ip
| Device       : xc7a100ticsg324-1L
------------------------------------------------------------------------------------

Upgrade Log for IP 'mig'

1. Summary
----------

SUCCESS in the upgrade of mig from xilinx.com:ip:mig_7series:4.1 to xilinx.com:ip:mig_7series:4.2 (Rev. 1)






Copyright 1986-2019 Xilinx, Inc. All Rights Reserved.
------------------------------------------------------------------------------------
| Tool Version : Vivado v.2019.1 (lin64) Build 2552052 Fri May 24 14:47:09 MDT 2019
| Date         : Tue Jan 31 15:45:05 2023
| Host         : coding running 64-bit Ubuntu 20.04.5 LTS
| Command      : upgrade_ip
| Device       : xc7a100ticsg324-1L
------------------------------------------------------------------------------------

Upgrade Log for IP 'mig_cdc'

1. Summary
----------

SUCCESS in the upgrade of mig_cdc (xilinx.com:ip:axi_clock_converter:2.1) from (Rev. 15) to (Rev. 18)

