Copyright 1986-2019 Xilinx, Inc. All Rights Reserved.
-----------------------------------------------------------------------------------------------------------------------------------------------------------
| Tool Version : Vivado v.2019.1 (lin64) Build 2552052 Fri May 24 14:47:09 MDT 2019
| Date         : Tue Feb  7 23:51:17 2023
| Host         : coding running 64-bit Ubuntu 20.04.5 LTS
| Command      : report_methodology -file leon3mp_methodology_drc_routed.rpt -pb leon3mp_methodology_drc_routed.pb -rpx leon3mp_methodology_drc_routed.rpx
| Design       : leon3mp
| Device       : xc7k325tffg900-2
| Speed File   : -2
| Design State : Fully Routed
-----------------------------------------------------------------------------------------------------------------------------------------------------------

Report Methodology

Table of Contents
-----------------
1. REPORT SUMMARY
2. REPORT DETAILS

1. REPORT SUMMARY
-----------------
            Netlist: netlist
          Floorplan: design_1
      Design limits: <entire design considered>
             Max violations: <unlimited>
             Violations found: 8
+-----------+------------------+-----------------------------+------------+
| Rule      | Severity         | Description                 | Violations |
+-----------+------------------+-----------------------------+------------+
| TIMING-17 | Critical Warning | Non-clocked sequential cell | 8          |
+-----------+------------------+-----------------------------+------------+

2. REPORT DETAILS
-----------------
TIMING-17#1 Critical Warning
Non-clocked sequential cell  
The clock pin eth0.e1/m100.u0/ethc0/r_reg[mdioo]/C is not reached by a timing clock
Related violations: <none>

TIMING-17#2 Critical Warning
Non-clocked sequential cell  
The clock pin eth0.rgmii0/no10support.clkmux25o/gen.sel0_reg/C is not reached by a timing clock
Related violations: <none>

TIMING-17#3 Critical Warning
Non-clocked sequential cell  
The clock pin eth0.rgmii0/rgmii_tx_clk/xil.xil0/V7.U0/C is not reached by a timing clock
Related violations: <none>

TIMING-17#4 Critical Warning
Non-clocked sequential cell  
The clock pin eth0.rgmii0/rgmii_tx_ctl/xil.xil0/V7.U0/C is not reached by a timing clock
Related violations: <none>

TIMING-17#5 Critical Warning
Non-clocked sequential cell  
The clock pin eth0.rgmii0/rgmii_txd[0].ddr_oreg0/xil.xil0/V7.U0/C is not reached by a timing clock
Related violations: <none>

TIMING-17#6 Critical Warning
Non-clocked sequential cell  
The clock pin eth0.rgmii0/rgmii_txd[1].ddr_oreg0/xil.xil0/V7.U0/C is not reached by a timing clock
Related violations: <none>

TIMING-17#7 Critical Warning
Non-clocked sequential cell  
The clock pin eth0.rgmii0/rgmii_txd[2].ddr_oreg0/xil.xil0/V7.U0/C is not reached by a timing clock
Related violations: <none>

TIMING-17#8 Critical Warning
Non-clocked sequential cell  
The clock pin eth0.rgmii0/rgmii_txd[3].ddr_oreg0/xil.xil0/V7.U0/C is not reached by a timing clock
Related violations: <none>


